<?xml version="1.0" encoding="UTF-8"?>
<!-- Generated by org.testng.reporters.JUnitReportReporter -->
<testsuite hostname="Vivek-PC" failures="0" tests="5" name="tests.Login" time="24.835" errors="0" timestamp="2024-10-18T15:04:03 IST" skipped="0">
  <testcase classname="tests.Login" name="loginWithValidCredentials" time="4.398"/>
  <testcase classname="tests.Login" name="loginWithInvalidUsername" time="4.879"/>
  <testcase classname="tests.Login" name="loginWithInvalidPassword" time="3.896"/>
  <testcase classname="tests.Login" name="loginWithInvalidUsernamePassword" time="5.195"/>
  <testcase classname="tests.Login" name="loginWithBlankUsernamePassword" time="6.467"/>
</testsuite> <!-- tests.Login -->
