<?xml version="1.0" encoding="UTF-8"?>
<!-- Generated by org.testng.reporters.JUnitReportReporter -->
<testsuite hostname="Vivek-PC" failures="0" tests="5" name="tests.Login" time="21.522" errors="0" timestamp="2025-07-29T20:40:46 IST" skipped="0">
  <testcase classname="tests.Login" name="loginWithValidCredentials" time="4.364"/>
  <testcase classname="tests.Login" name="loginWithInvalidUsername" time="3.933"/>
  <testcase classname="tests.Login" name="loginWithInvalidPassword" time="4.771"/>
  <testcase classname="tests.Login" name="loginWithInvalidUsernamePassword" time="4.340"/>
  <testcase classname="tests.Login" name="loginWithBlankUsernamePassword" time="4.114"/>
</testsuite> <!-- tests.Login -->
