<?xml version="1.0" encoding="UTF-8"?>
<!-- Generated by org.testng.reporters.JUnitReportReporter -->
<testsuite hostname="Vivek-PC" failures="0" tests="3" name="tests.Register" time="11.417" errors="0" timestamp="2024-09-05T19:34:53 IST" skipped="0">
  <testcase classname="tests.Register" name="registerWithAllfield" time="4.023"/>
  <testcase classname="tests.Register" name="registerWithMandatoryField" time="3.870"/>
  <testcase classname="tests.Register" name="registerWithoutEnteringAnyDetails" time="3.524"/>
</testsuite> <!-- tests.Register -->
