<?xml version="1.0" encoding="UTF-8"?>
<!-- Generated by org.testng.reporters.JUnitReportReporter -->
<testsuite hostname="Vivek-PC" failures="0" tests="5" name="tests.Login" time="20.037" errors="0" timestamp="2024-10-18T23:01:43 IST" skipped="0">
  <testcase classname="tests.Login" name="loginWithValidCredentials" time="3.032"/>
  <testcase classname="tests.Login" name="loginWithInvalidUsername" time="4.461"/>
  <testcase classname="tests.Login" name="loginWithInvalidPassword" time="4.386"/>
  <testcase classname="tests.Login" name="loginWithInvalidUsernamePassword" time="3.134"/>
  <testcase classname="tests.Login" name="loginWithBlankUsernamePassword" time="5.024"/>
</testsuite> <!-- tests.Login -->
