<?xml version="1.0" encoding="UTF-8"?>
<!-- Generated by org.testng.reporters.JUnitReportReporter -->
<testsuite hostname="Vivek-PC" failures="0" tests="3" name="tests.Search" time="7.437" errors="0" timestamp="2024-09-05T19:34:53 IST" skipped="0">
  <testcase classname="tests.Search" name="searchForValidProduct" time="2.407"/>
  <testcase classname="tests.Search" name="searchWithInvalidProduct" time="2.850"/>
  <testcase classname="tests.Search" name="searchWithNoProduct" time="2.180"/>
</testsuite> <!-- tests.Search -->
