<?xml version="1.0" encoding="UTF-8"?>
<!-- Generated by org.testng.reporters.JUnitReportReporter -->
<testsuite hostname="Vivek-PC" failures="0" tests="3" name="tests.Search" time="8.772" errors="0" timestamp="2024-10-18T23:01:43 IST" skipped="0">
  <testcase classname="tests.Search" name="searchForValidProduct" time="3.444"/>
  <testcase classname="tests.Search" name="searchWithInvalidProduct" time="2.749"/>
  <testcase classname="tests.Search" name="searchWithNoProduct" time="2.579"/>
</testsuite> <!-- tests.Search -->
