<?xml version="1.0" encoding="UTF-8"?>
<!-- Generated by org.testng.reporters.JUnitReportReporter -->
<testsuite hostname="Vivek-PC" failures="0" tests="3" name="tests.Search" time="9.496" errors="0" timestamp="2024-10-18T15:04:03 IST" skipped="0">
  <testcase classname="tests.Search" name="searchForValidProduct" time="3.396"/>
  <testcase classname="tests.Search" name="searchWithInvalidProduct" time="3.000"/>
  <testcase classname="tests.Search" name="searchWithNoProduct" time="3.100"/>
</testsuite> <!-- tests.Search -->
