<?xml version="1.0" encoding="UTF-8"?>
<!-- Generated by org.testng.reporters.JUnitReportReporter -->
<testsuite hostname="Vivek-PC" failures="0" tests="5" name="tests.Login" time="19.812" errors="0" timestamp="2024-09-05T19:34:53 IST" skipped="0">
  <testcase classname="tests.Login" name="loginWithValidCredentials" time="3.631"/>
  <testcase classname="tests.Login" name="loginWithInvalidUsername" time="3.584"/>
  <testcase classname="tests.Login" name="loginWithInvalidPassword" time="5.213"/>
  <testcase classname="tests.Login" name="loginWithInvalidUsernamePassword" time="4.176"/>
  <testcase classname="tests.Login" name="loginWithBlankUsernamePassword" time="3.208"/>
</testsuite> <!-- tests.Login -->
