<?xml version="1.0" encoding="UTF-8"?>
<!-- Generated by org.testng.reporters.JUnitReportReporter -->
<testsuite hostname="Vivek-PC" failures="0" tests="3" name="tests.Register" time="13.446" errors="0" timestamp="2024-10-18T15:04:03 IST" skipped="0">
  <testcase classname="tests.Register" name="registerWithAllfield" time="5.009"/>
  <testcase classname="tests.Register" name="registerWithMandatoryField" time="5.006"/>
  <testcase classname="tests.Register" name="registerWithoutEnteringAnyDetails" time="3.431"/>
</testsuite> <!-- tests.Register -->
