<?xml version="1.0" encoding="UTF-8"?>
<!-- Generated by org.testng.reporters.JUnitReportReporter -->
<testsuite hostname="Vivek-PC" failures="0" tests="5" name="tests.Login" time="16.286" errors="0" timestamp="2025-07-29T14:51:36 IST" skipped="0">
  <testcase classname="tests.Login" name="loginWithValidCredentials" time="3.978"/>
  <testcase classname="tests.Login" name="loginWithInvalidUsername" time="3.245"/>
  <testcase classname="tests.Login" name="loginWithInvalidPassword" time="3.074"/>
  <testcase classname="tests.Login" name="loginWithInvalidUsernamePassword" time="2.767"/>
  <testcase classname="tests.Login" name="loginWithBlankUsernamePassword" time="3.222"/>
</testsuite> <!-- tests.Login -->
