<?xml version="1.0" encoding="UTF-8"?>
<!-- Generated by org.testng.reporters.JUnitReportReporter -->
<testsuite hostname="Vivek-PC" failures="0" tests="3" name="tests.Register" time="9.843" errors="0" timestamp="2024-10-18T23:01:43 IST" skipped="0">
  <testcase classname="tests.Register" name="registerWithAllfield" time="3.522"/>
  <testcase classname="tests.Register" name="registerWithMandatoryField" time="3.460"/>
  <testcase classname="tests.Register" name="registerWithoutEnteringAnyDetails" time="2.861"/>
</testsuite> <!-- tests.Register -->
