<?xml version="1.0" encoding="UTF-8"?>
<!-- Generated by org.testng.reporters.JUnitReportReporter -->
<testsuite hostname="Vivek-PC" failures="0" tests="3" name="tests.Register" time="12.935" errors="0" timestamp="2025-07-29T20:26:30 IST" skipped="0">
  <testcase classname="tests.Register" name="registerWithAllfield" time="4.640"/>
  <testcase classname="tests.Register" name="registerWithMandatoryField" time="4.285"/>
  <testcase classname="tests.Register" name="registerWithoutEnteringAnyDetails" time="4.010"/>
</testsuite> <!-- tests.Register -->
