<?xml version="1.0" encoding="UTF-8"?>
<!-- Generated by org.testng.reporters.JUnitReportReporter -->
<testsuite hostname="Vivek-PC" failures="0" tests="3" name="tests.Register" time="10.357" errors="0" timestamp="2025-07-29T14:51:36 IST" skipped="0">
  <testcase classname="tests.Register" name="registerWithAllfield" time="3.577"/>
  <testcase classname="tests.Register" name="registerWithMandatoryField" time="3.660"/>
  <testcase classname="tests.Register" name="registerWithoutEnteringAnyDetails" time="3.120"/>
</testsuite> <!-- tests.Register -->
